<?xml version="1.0" encoding="UTF-8"?>
<!-- Generated by org.testng.reporters.JUnitReportReporter -->
<testsuite hostname="01HW1055711" name="cucumbertest.HookBase" tests="1" failures="0" timestamp="13 Dec 2017 18:31:27 GMT" time="33.724" errors="0">
  <testcase name="setUp" time="33.724" classname="cucumbertest.HookBase"/>
</testsuite> <!-- cucumbertest.HookBase -->
